  pch.cpp
  imgui_impl_dx9.cpp
E:\SDK\imgui\examples\imgui_impl_dx9.cpp(285,1): fatal error C1010: unexpected end of file while looking for precompiled header. Did you forget to add '#include "pch.h"' to your source?
  imgui_impl_win32.cpp
E:\SDK\imgui\examples\imgui_impl_win32.cpp(335,1): fatal error C1010: unexpected end of file while looking for precompiled header. Did you forget to add '#include "pch.h"' to your source?
  imgui.cpp
E:\SDK\imgui\imgui.cpp(10289,1): fatal error C1010: unexpected end of file while looking for precompiled header. Did you forget to add '#include "pch.h"' to your source?
  imgui_demo.cpp
E:\SDK\imgui\imgui_demo.cpp(4896,1): fatal error C1010: unexpected end of file while looking for precompiled header. Did you forget to add '#include "pch.h"' to your source?
  imgui_draw.cpp
E:\SDK\imgui\imgui_draw.cpp(128,10): error C2006: '#include': expected "FILENAME" or <FILENAME>
E:\SDK\imgui\imgui_draw.cpp(151,10): error C2006: '#include': expected "FILENAME" or <FILENAME>
E:\SDK\imgui\imgui_draw.cpp(3474,1): fatal error C1010: unexpected end of file while looking for precompiled header. Did you forget to add '#include "pch.h"' to your source?
  imgui_widgets.cpp
E:\SDK\imgui\imgui_widgets.cpp(7718,1): fatal error C1010: unexpected end of file while looking for precompiled header. Did you forget to add '#include "pch.h"' to your source?
  imgui_stdlib.cpp
E:\SDK\imgui\misc\cpp\imgui_stdlib.cpp(78,1): fatal error C1010: unexpected end of file while looking for precompiled header. Did you forget to add '#include "pch.h"' to your source?
  binary_to_compressed_c.cpp
E:\SDK\imgui\misc\fonts\binary_to_compressed_c.cpp(385,1): fatal error C1010: unexpected end of file while looking for precompiled header. Did you forget to add '#include "pch.h"' to your source?
  imgui_freetype.cpp
E:\SDK\imgui\misc\freetype\imgui_freetype.cpp(29,10): error C2006: '#include': expected "FILENAME" or <FILENAME>
E:\SDK\imgui\misc\freetype\imgui_freetype.cpp(30,10): error C2006: '#include': expected "FILENAME" or <FILENAME>
E:\SDK\imgui\misc\freetype\imgui_freetype.cpp(31,10): error C2006: '#include': expected "FILENAME" or <FILENAME>
E:\SDK\imgui\misc\freetype\imgui_freetype.cpp(32,10): error C2006: '#include': expected "FILENAME" or <FILENAME>
E:\SDK\imgui\misc\freetype\imgui_freetype.cpp(676,1): fatal error C1010: unexpected end of file while looking for precompiled header. Did you forget to add '#include "pch.h"' to your source?
  Source.cpp
C:\Users\kanin\Documents\repos\kaninhax4\KaninHax4\Source.cpp(2,10): fatal error C1083: Cannot open include file: 'kaninsdk/detour-hook.h': No such file or directory
